<?xml version="1.0" encoding="UTF-8"?>
<!-- Generated by org.testng.reporters.JUnitXMLReporter -->
<testsuite ignored="2" hostname="LX-BLR-LT-002" failures="0" tests="6" name="Default test" time="100.661" errors="0" timestamp="2025-03-19T12:11:06 IST">
  <testcase classname="ExoTalentWeb.TestCase.WebTestCases" name="CompanyLogin" time="7.348"/>
  <testcase classname="ExoTalentWeb.TestCase.WebTestCases" name="CompanyJobCreate" time="21.533"/>
  <testcase classname="ExoTalentWeb.TestCase.WebTestCases" name="CompanyAssignJob" time="2.45"/>
  <testcase classname="ExoTalentWeb.TestCase.WebTestCases" name="CandidateReferbyManua" time="3.403"/>
  <testcase classname="ExoTalentWeb.TestCase.WebTestCases" name="AssignCandidatetoAdviser" time="29.612"/>
  <testcase classname="ExoTalentWeb.TestCase.WebTestCases" name="AssignCandidatetoAdviserReject" time="33.094"/>
  <testcase classname="ExoTalentWeb.TestCase.WebTestCases" name="EditJob" time="0.0">
    <ignored/>
  </testcase> <!-- EditJob -->
  <testcase classname="ExoTalentWeb.TestCase.WebTestCases" name="CandidateMoveStatus" time="0.0">
    <ignored/>
  </testcase> <!-- CandidateMoveStatus -->
</testsuite> <!-- Default test -->
