<?xml version="1.0" encoding="UTF-8"?>
<!-- Generated by org.testng.reporters.JUnitXMLReporter -->
<testsuite ignored="1" hostname="LX-BLR-LT-002" failures="0" tests="7" name="Test" time="106.621" errors="0" timestamp="2025-03-18T17:23:34 IST">
  <testcase classname="ExoTalentWeb.TestCase.WebTestCases" name="CompanyLogin" time="7.387"/>
  <testcase classname="ExoTalentWeb.TestCase.WebTestCases" name="CompanyJobCreate" time="21.585"/>
  <testcase classname="ExoTalentWeb.TestCase.WebTestCases" name="CompanyAssignJob" time="2.473"/>
  <testcase classname="ExoTalentWeb.TestCase.WebTestCases" name="EditJob" time="16.739"/>
  <testcase classname="ExoTalentWeb.TestCase.WebTestCases" name="CandidateReferbyManua" time="3.084"/>
  <testcase classname="ExoTalentWeb.TestCase.WebTestCases" name="AssignCandidatetoAdviser" time="29.92"/>
  <testcase classname="ExoTalentWeb.TestCase.WebTestCases" name="CandidateMoveStatus" time="21.888"/>
  <testcase classname="ExoTalentWeb.TestCase.WebTestCases" name="AssignCandidatetoAdviserReject" time="0.0">
    <ignored/>
  </testcase> <!-- AssignCandidatetoAdviserReject -->
</testsuite> <!-- Test -->
