<?xml version="1.0" encoding="UTF-8"?>
<!-- Generated by org.testng.reporters.JUnitXMLReporter -->
<testsuite ignored="7" hostname="LX-BLR-LT-002" failures="0" tests="1" name="Test" time="12.27" errors="0" timestamp="2024-11-05T15:34:48 IST">
  <testcase classname="ExoTalentWeb.TestCase.WebTestCases" name="RecruiterLogin" time="6.79"/>
  <testcase classname="ExoTalentWeb.TestCase.WebTestCases" name="CandidateSignup" time="0.0">
    <ignored/>
  </testcase> <!-- CandidateSignup -->
  <testcase classname="ExoTalentWeb.TestCase.WebTestCases" name="CandidateApplyJob" time="0.0">
    <ignored/>
  </testcase> <!-- CandidateApplyJob -->
  <testcase classname="ExoTalentWeb.TestCase.WebTestCases" name="loginviaMobileNumber" time="0.0">
    <ignored/>
  </testcase> <!-- loginviaMobileNumber -->
  <testcase classname="ExoTalentWeb.TestCase.WebTestCases" name="RecruiterSignup" time="0.0">
    <ignored/>
  </testcase> <!-- RecruiterSignup -->
  <testcase classname="ExoTalentWeb.TestCase.WebTestCases" name="CandidateJobSaveandUnsave" time="0.0">
    <ignored/>
  </testcase> <!-- CandidateJobSaveandUnsave -->
  <testcase classname="ExoTalentWeb.TestCase.WebTestCases" name="JobApplyFromInvitation" time="0.0">
    <ignored/>
  </testcase> <!-- JobApplyFromInvitation -->
  <testcase classname="ExoTalentWeb.TestCase.WebTestCases" name="RecruiterCandidateRefer" time="0.0">
    <ignored/>
  </testcase> <!-- RecruiterCandidateRefer -->
</testsuite> <!-- Test -->
