<?xml version="1.0" encoding="UTF-8"?>
<testng-results ignored="8" total="13" passed="5" failed="0" skipped="0">
  <reporter-output>
  </reporter-output>
  <suite started-at="2025-07-22T19:08:46 IST" name="Default suite" finished-at="2025-07-22T19:09:42 IST" duration-ms="55723">
    <groups>
    </groups>
    <test started-at="2025-07-22T19:08:46 IST" name="Default test" finished-at="2025-07-22T19:09:42 IST" duration-ms="55723">
      <class name="ExoTalentWeb.TestCase.WebTestCases">
        <test-method is-config="true" signature="setUp()[pri:0, instance:ExoTalentWeb.TestCase.WebTestCases@223d2c72]" started-at="2025-07-22T19:08:46 IST" name="setUp" finished-at="2025-07-22T19:08:50 IST" duration-ms="3841" status="PASS">
          <reporter-output>
          </reporter-output>
        </test-method> <!-- setUp -->
        <test-method signature="CompanyLoginProduction()[pri:1, instance:ExoTalentWeb.TestCase.WebTestCases@223d2c72]" started-at="2025-07-22T19:08:50 IST" name="CompanyLoginProduction" finished-at="2025-07-22T19:09:12 IST" duration-ms="21962" status="PASS">
          <reporter-output>
          </reporter-output>
        </test-method> <!-- CompanyLoginProduction -->
        <test-method signature="CompanyJobCreate()[pri:2, instance:ExoTalentWeb.TestCase.WebTestCases@223d2c72]" started-at="2025-07-22T19:09:12 IST" name="CompanyJobCreate" finished-at="2025-07-22T19:09:35 IST" duration-ms="23753" status="PASS">
          <reporter-output>
          </reporter-output>
        </test-method> <!-- CompanyJobCreate -->
        <test-method signature="CompanyAssignJob()[pri:3, instance:ExoTalentWeb.TestCase.WebTestCases@223d2c72]" started-at="2025-07-22T19:09:35 IST" name="CompanyAssignJob" finished-at="2025-07-22T19:09:38 IST" duration-ms="3038" status="PASS">
          <reporter-output>
          </reporter-output>
        </test-method> <!-- CompanyAssignJob -->
        <test-method signature="EditJob()[pri:4, instance:ExoTalentWeb.TestCase.WebTestCases@223d2c72]" started-at="2025-07-22T19:09:38 IST" name="EditJob" finished-at="2025-07-22T19:09:40 IST" duration-ms="1276" status="PASS">
          <reporter-output>
          </reporter-output>
        </test-method> <!-- EditJob -->
        <test-method signature="CandidateReferbyManua()[pri:5, instance:ExoTalentWeb.TestCase.WebTestCases@223d2c72]" started-at="2025-07-22T19:09:40 IST" name="CandidateReferbyManua" finished-at="2025-07-22T19:09:41 IST" duration-ms="1280" status="PASS">
          <reporter-output>
          </reporter-output>
        </test-method> <!-- CandidateReferbyManua -->
        <test-method is-config="true" signature="teardown()[pri:0, instance:ExoTalentWeb.TestCase.WebTestCases@223d2c72]" started-at="2025-07-22T19:09:41 IST" name="teardown" finished-at="2025-07-22T19:09:42 IST" duration-ms="534" status="PASS">
          <reporter-output>
          </reporter-output>
        </test-method> <!-- teardown -->
      </class> <!-- ExoTalentWeb.TestCase.WebTestCases -->
    </test> <!-- Default test -->
  </suite> <!-- Default suite -->
</testng-results>
